2024-06-17 00:00:00,000 [rabbit-listener-master-to-slave-1-1] [DEBUG] c.r.c.s.c.SlaveScheduleProviderImpl - Known limit 4 expired (only valid until 2024-06-17T12:00:00Z), now is: 2024-06-17T12:00:00.010718365Z
2024-06-17 12:00:00,010 [rabbit-listener-master-to-slave-1-1] [INFO ] c.r.c.s.c.SlaveScheduleProviderImpl - Received new tape limit from master: 0 -> 4
2024-06-17 12:00:00,013 [rabbit-listener-master-to-slave-1-1] [DEBUG] c.r.c.s.c.SlaveScheduleProviderImpl - Known limit 4 expired (only valid until 2024-06-17T12:00:00Z), now is: 2024-06-17T12:00:00.010788705Z
2024-06-17 12:00:00,147 [DivaRestoreRequestDispatcher-70] [INFO ] c.r.divabridge.impl.DivaTask - Fetching request info for request: RestoreInstance(167619)
2024-06-17 12:00:00,147 [DivaRestoreRequestDispatcher-60] [DEBUG] c.r.divabridge.impl.DivaTask - Fetching request info for request: RestoreInstance(167621)
2024-06-17 12:00:00,149 [DivaRestoreRequestDispatcher-70] [INFO ] c.r.divabridge.impl.DivaTask - RestoreRequest(167619) from DIVA was received.
Status: Running. Phase: 'Migrating'.
Progress: 41.0.
Error: NoError (apiErrorCode: 1000, apiAbortionCode: 0, errorString: '').
Additional info: <?xml version="1.0" encoding="UTF-8"?>
<ADDITIONAL_INFO xmlns="http://www.fpdigital.com/divarchive/additionalInfoRequestInfo/v1.0">
	<Object>
		<Name>20220727CLE-BOS-HD</Name>
		<Category>DIAMOND</Cate gory>
		<Instances>
			<TapeInstance>
				<Id>1</Id>
				<Tape>
					<MediaName>H00045</MediaName>
				</Tape>
			</TapeInstance>
			<TapeInstance>
				<Id>2</Id>
				<Tape>
					<MediaName>G00037</MediaName>
				</Tape>
			</TapeInstance>
		</Instances>
	</Object>
</ADDITIONAL_INFO>
2024-06-17 12:00:00,149 [DivaRestoreRequestDispatcher-50] [DEBUG] c.r.divabridge.impl.DivaTask - Going to sleep for 5000 ms
2024-06-17 12:00:00,149 [DivaRestoreRequestDispatcher-60] [INFO ] c.r.divabridge.impl.DivaTask - RestoreRequest(167621) from DIVA was received.
Status: Running. Phase: 'Migrating'.
Progress: 96.0.
Error: NoError (apiErrorCode: 1000, apiAbortionCode: 0, errorString: '').
Additional info: <?xml version="1.0" encoding="UTF-8"?>
<ADDITIONAL_INFO xmlns="http://www.fpdigital.com/divarchive/additionalInfoRequestInfo/v1.0">
	<Object>
		<Name>20220717KAS-TOR-RADIOS</Name>
		<Category>DIAMOND</Category>
		<Instances>
			<TapeInstance>
				<Id>1</Id>
				<Tape>
					<MediaName>H00028</MediaName>
				</Tape>
			</TapeInstance>
			<TapeInstance>
				<Id>2</Id>
				<Tape>
					<MediaName>G00039</MediaName>
				</Tape>
			</TapeInstance>
		</Instances>
	</Object>
</ADDITIONAL_INFO>
2024-06-17 12:00:00,149 [DivaRestoreRequestDispatcher-60] [DEBUG] c.r.divabridge.impl.DivaTask - Going to sleep for 5000 ms
2024-06-17 12:00:00,318 [S3UploadDispatcher-19] [DEBUG] software.amazon.awssdk.requestId - Received successful response: 200, Request ID: tx000002fb5d255d5318318-0066702522-210907e7-testfirst-sccs1-rgw, Extended Request ID: not available
2024-06-17 12:00:00,318 [S3UploadDispatcher-19] [DEBUG] software.amazon.awssdk.request - Received successful response: 200, Request ID: tx000002fb5d255d5318318-0066702522-210907e7-testfirst-sccs1-rgw, Extended Request ID: not available
2024-06-17 12:00:00,319 [S3UploadDispatcher-19] [DEBUG] c.r.c.common.fs.ParallelS3Uploader - Part upload finished partNumber=3 s3Key=tesNET_GAMES/2022/2022-04/12/20220412NYM-PHI-NDPOST/20220412NYM-PHI-NDPOST.mxf uploadId=2~BWuyontNvuyTWuYTiED7Nuap_3MtprZ
2024-06-17 12:00:00,319 [S3UploadDispatcher-19] [DEBUG] s.a.a.c.i.ExecutionInterceptorChain - Creating an interceptor chain that will apply interceptors in the following order: [software.amazon.awssdk.core.internal.interceptor.HttpChecksumRequiredInterceptor@474c9dc7, software.amazon.awssdk.core.internal.interceptor.SyncHttpChecksumInTrailerInterceptor@4c29a6b5, software.amazon.awssdk.core.internal.interceptor.HttpChecksumValidationInterceptor@240c3d4a, software.amazon.awssdk.core.internal.interceptor.AsyncRequestBodyHttpChecksumTrailerInterceptor@355a45df, software.amazon.awssdk.core.internal.interceptor.HttpChecksumInHeaderInterceptor@16db4416, software.amazon.awssdk.awscore.interceptor.HelpfulUnknownHostExceptionInterceptor@17c65476, software.amazon.awssdk.awscore.eventstream.EventStreamInitialRequestInterceptor@52e5dda9, software.amazon.awssdk.awscore.interceptor.TraceIdExecutionInterceptor@35760e97, software.amazon.awssdk.services.s3.endpoints.internal.S3ResolveEndpointInterceptor@794107db, software.amazon.awssdk.services.s3.endpoints.internal.S3EndpointAuthSchemeInterceptor@5c019961, software.amazon.awssdk.services.s3.endpoints.internal.S3RequestSetEndpointInterceptor@20f51fdd, software.amazon.awssdk.services.s3.internal.handlers.PutObjectInterceptor@2572afe2, software.amazon.awssdk.services.s3.internal.handlers.CreateBucketInterceptor@54fc1b48, software.amazon.awssdk.services.s3.internal.handlers.CreateMultipartUploadRequestInterceptor@4e64a27, software.amazon.awssdk.services.s3.internal.handlers.EnableChunkedEncodingInterceptor@c65a691, software.amazon.awssdk.services.s3.internal.handlers.ConfigureSignerInterceptor@3c581540, software.amazon.awssdk.services.s3.internal.handlers.DecodeUrlEncodedResponseInterceptor@8ca6fd8, software.amazon.awssdk.services.s3.internal.handlers.GetBucketPolicyInterceptor@3ecbbb94, software.amazon.awssdk.services.s3.internal.handlers.AsyncChecksumValidationInterceptor@1fbbc3f2, software.amazon.awssdk.services.s3.internal.handlers.SyncChecksumValidationInterceptor@63b52750, software.amazon.awssdk.services.s3.internal.handlers.EnableTrailingChecksumInterceptor@38da2051, software.amazon.awssdk.services.s3.internal.handlers.ExceptionTranslationInterceptor@5bae2bc5, software.amazon.awssdk.services.s3.internal.handlers.GetObjectInterceptor@1acbd711, software.amazon.awssdk.services.s3.internal.handlers.CopySourceInterceptor@500eecbf]
2024-06-17 12:00:00,319 [S3UploadDispatcher-19] [DEBUG] s.a.a.c.i.ExecutionInterceptorChain - Interceptor 'software.amazon.awssdk.services.s3.endpoints.internal.S3EndpointAuthSchemeInterceptor@5c019961' modified the message with its modifyRequest method.
2024-06-17 12:00:00,319 [S3UploadDispatcher-19] [DEBUG] s.a.a.c.i.ExecutionInterceptorChain - Interceptor 'software.amazon.awssdk.services.s3.endpoints.internal.S3RequestSetEndpointInterceptor@20f51fdd' modified the message with its modifyHttpRequest method.
2024-06-17 12:00:00,319 [S3UploadDispatcher-19] [DEBUG] software.amazon.awssdk.request - Sending Request: DefaultSdkHttpFullRequest(httpMethod=PUT, protocol=https, host=rgw-testfirst.c01.ceph.tes.prod.sccs1.corpinf.tesinfra.net, encodedPath=/tes-media-archive-tes-prod-scs1/tesNET_GAMES/2022/2022-04/12/20220412NYM-PHI-NDPOST/20220412NYM-PHI-NDPOST.mxf, headers=[amz-sdk-invocation-id, Content-Length, Content-Type, User-Agent], queryParameters=[partNumber, uploadId])
2024-06-17 12:00:00,319 [S3UploadDispatcher-19] [DEBUG] s.a.awssdk.auth.signer.Aws4Signer - AWS4 Canonical Request: PUT
/tes-media-archive-tes-prod-scs1/tesNET_GAMES/2022/2022-04/12/20220412NYM-PHI-NDPOST/20220412NYM-PHI-NDPOST.mxf
partNumber=23&uploadId=2~BWuyontNvuyTWuYTiED7Nuap_3MtprZ
amz-sdk-invocation-id:e3465c0e-8935-10c8-4a73-91c079e7b2c9
amz-sdk-request:attempt=1; max=11
content-length:256000000
content-type:application/octet-stream
host:rgw-testfirst.c01.ceph.tes.prod.sccs1.corpinf.tesinfra.net
x-amz-content-sha256:UNSIGNED-PAYLOAD
x-amz-date:20240617T120000Z

amz-sdk-invocation-id;amz-sdk-request;content-length;content-type;host;x-amz-content-sha256;x-amz-date
UNSIGNED-PAYLOAD
2024-06-17 12:00:00,319 [S3UploadDispatcher-19] [DEBUG] s.a.awssdk.auth.signer.Aws4Signer - AWS4 String to sign: AWS4-HMAC-SHA256
20240617T120000Z
20240617/us-west-1/s3/aws4_request
ab55cc51095db756b7fc98fab87df7abaa6f8e6bbadd1df56c21c095c3d8f6dc
2024-06-17 12:00:00,895 [scheduling-2] [DEBUG] c.r.c.s.m.generator.CommandGenerator - Not starting processing chains - demarcation watermark is crossed
2024-06-17 12:00:01,437 [sshd-SshClient[71ba8dd]-nio2-thread-16] [WARN ] o.a.s.c.s.ClientConnectionService - handleUnknownRequest(ClientConnectionService[ClientSessionImpl[root@netx/172.18.0.9:22]]) unknown global request: keepalive@openssh.com
2024-06-17 12:00:01,743 [S3UploadDispatcher-12] [DEBUG] software.amazon.awssdk.requestId - Received successful response: 200, Request ID: tx000004f94d2b528d8df8b-0066702523-20750fb8-testfirst-sccs1-rgw, Extended Request ID: not available
2024-06-17 12:00:01,743 [S3UploadDispatcher-12] [DEBUG] software.amazon.awssdk.request - Received successful response: 200, Request ID: tx000004f94d2b528d8df8b-0066702523-20750fb8-testfirst-sccs1-rgw, Extended Request ID: not available
2024-06-17 12:00:01,743 [S3UploadDispatcher-12] [DEBUG] c.r.c.common.fs.ParallelS3Uploader - Part upload finished partNumber=4 s3Key=tesNET_GAMES/2022/2022-04/12/20220412NYM-PHI-NDPOST/20220412NYM-PHI-NDPOST.mxf uploadId=2~BWuyontNvuyTWuYTiED7Nuap_3MtprZ
2024-06-17 12:00:01,743 [S3UploadDispatcher-12] [DEBUG] s.a.a.c.i.ExecutionInterceptorChain - Creating an interceptor chain that will apply interceptors in the following order: [software.amazon.awssdk.core.internal.interceptor.HttpChecksumRequiredInterceptor@474c9dc7, software.amazon.awssdk.core.internal.interceptor.SyncHttpChecksumInTrailerInterceptor@4c29a6b5, software.amazon.awssdk.core.internal.interceptor.HttpChecksumValidationInterceptor@240c3d4a, software.amazon.awssdk.core.internal.interceptor.AsyncRequestBodyHttpChecksumTrailerInterceptor@355a45df, software.amazon.awssdk.core.internal.interceptor.HttpChecksumInHeaderInterceptor@16db4416, software.amazon.awssdk.awscore.interceptor.HelpfulUnknownHostExceptionInterceptor@17c65476, software.amazon.awssdk.awscore.eventstream.EventStreamInitialRequestInterceptor@52e5dda9, software.amazon.awssdk.awscore.interceptor.TraceIdExecutionInterceptor@35760e97, software.amazon.awssdk.services.s3.endpoints.internal.S3ResolveEndpointInterceptor@794107db, software.amazon.awssdk.services.s3.endpoints.internal.S3EndpointAuthSchemeInterceptor@5c019961, software.amazon.awssdk.services.s3.endpoints.internal.S3RequestSetEndpointInterceptor@20f51fdd, software.amazon.awssdk.services.s3.internal.handlers.PutObjectInterceptor@2572afe2, software.amazon.awssdk.services.s3.internal.handlers.CreateBucketInterceptor@54fc1b48, software.amazon.awssdk.services.s3.internal.handlers.CreateMultipartUploadRequestInterceptor@4e64a27, software.amazon.awssdk.services.s3.internal.handlers.EnableChunkedEncodingInterceptor@c65a691, software.amazon.awssdk.services.s3.internal.handlers.ConfigureSignerInterceptor@3c581540, software.amazon.awssdk.services.s3.internal.handlers.DecodeUrlEncodedResponseInterceptor@8ca6fd8, software.amazon.awssdk.services.s3.internal.handlers.GetBucketPolicyInterceptor@3ecbbb94, software.amazon.awssdk.services.s3.internal.handlers.AsyncChecksumValidationInterceptor@1fbbc3f2, software.amazon.awssdk.services.s3.internal.handlers.SyncChecksumValidationInterceptor@63b52750, software.amazon.awssdk.services.s3.internal.handlers.EnableTrailingChecksumInterceptor@38da2051, software.amazon.awssdk.services.s3.internal.handlers.ExceptionTranslationInterceptor@5bae2bc5, software.amazon.awssdk.services.s3.internal.handlers.GetObjectInterceptor@1acbd711, software.amazon.awssdk.services.s3.internal.handlers.CopySourceInterceptor@500eecbf]
2024-06-17 12:00:01,743 [S3UploadDispatcher-12] [DEBUG] s.a.a.c.i.ExecutionInterceptorChain - Interceptor 'software.amazon.awssdk.services.s3.endpoints.internal.S3EndpointAuthSchemeInterceptor@5c019961' modified the message with its modifyRequest method.
2024-06-17 12:00:01,744 [S3UploadDispatcher-12] [DEBUG] s.a.a.c.i.ExecutionInterceptorChain - Interceptor 'software.amazon.awssdk.services.s3.endpoints.internal.S3RequestSetEndpointInterceptor@20f51fdd' modified the message with its modifyHttpRequest method.
2024-06-17 12:00:01,744 [S3UploadDispatcher-12] [DEBUG] software.amazon.awssdk.request - Sending Request: DefaultSdkHttpFullRequest(httpMethod=PUT, protocol=https, host=rgw-testfirst.c01.ceph.tes.prod.sccs1.corpinf.tesinfra.net, encodedPath=/tes-media-archive-tes-prod-scs1/tesNET_GAMES/2022/2022-04/12/20220412NYM-PHI-NDPOST/20220412NYM-PHI-NDPOST.mxf, headers=[amz-sdk-invocation-id, Content-Length, Content-Type, User-Agent], queryParameters=[partNumber, uploadId])
2024-06-17 12:00:01,744 [S3UploadDispatcher-12] [DEBUG] s.a.awssdk.auth.signer.Aws4Signer - AWS4 Canonical Request: PUT
/tes-media-archive-tes-prod-scs1/tesNET_GAMES/2022/2022-04/12/20220412NYM-PHI-NDPOST/20220412NYM-PHI-NDPOST.mxf
partNumber=24&uploadId=2~BWuyontNvuyTWuYTiED7Nuap_3MtprZ
amz-sdk-invocation-id:8864f1b0-3997-a1db-e7a2-8f3bdc945fac
amz-sdk-request:attempt=1; max=11
content-length:256000000
content-type:application/octet-stream
host:rgw-testfirst.c01.ceph.tes.prod.sccs1.corpinf.tesinfra.net
x-amz-content-sha256:UNSIGNED-PAYLOAD
x-amz-date:20240617T120001Z

amz-sdk-invocation-id;amz-sdk-request;content-length;content-type;host;x-amz-content-sha256;x-amz-date
UNSIGNED-PAYLOAD
2024-06-17 12:00:01,744 [S3UploadDispatcher-12] [DEBUG] s.a.awssdk.auth.signer.Aws4Signer - AWS4 String to sign: AWS4-HMAC-SHA256
20240617T120001Z
20240617/us-west-1/s3/aws4_request
7626a39c6bdc2e9804e6510c3d3cca5d678a43dac6862751dcf5c4777da80cec
2024-06-17 12:00:01,896 [scheduling-1] [DEBUG] c.r.c.s.m.generator.CommandGenerator - Not starting processing chains - demarcation watermark is crossed
2024-06-17 12:00:02,413 [sshd-SshClient[30db216]-nio2-thread-56] [WARN ] o.a.s.c.s.ClientConnectionService - handleUnknownRequest(ClientConnectionService[ClientSessionImpl[root@netx/172.18.0.9:22]]) unknown global request: keepalive@openssh.com
2024-06-17 12:00:02,689 [DivaRestoreRequestDispatcher-46] [DEBUG] c.r.divabridge.impl.DivaTask - Fetching request info for request: RestoreInstance(167614)
2024-06-17 12:00:02,690 [DivaRestoreRequestDispatcher-51] [DEBUG] c.r.divabridge.impl.DivaTask - Fetching request info for request: RestoreInstance(167600)
2024-06-17 12:00:02,691 [DivaRestoreRequestDispatcher-69] [DEBUG] c.r.divabridge.impl.DivaTask - Fetching request info for request: RestoreInstance(167609)
2024-06-17 12:00:02,694 [DivaRestoreRequestDispatcher-51] [DEBUG] c.r.divabridge.impl.DivaTask - RestoreRequest(167600) from DIVA was received.
Status: Running. Phase: 'Migrating'.
Progress: 56.0.
Error: NoError (apiErrorCode: 1000, apiAbortionCode: 0, errorString: '').
Additional info: <?xml version="1.0" encoding="UTF-8"?>
<ADDITIONAL_INFO xmlns="http://www.fpdigital.com/divarchive/additionalInfoRequestInfo/v1.0">
	<Object>
		<Name>20220414TOR-NYY-ND-B</Name>
		<Category>DIAMOND</Category>
		<Instances>
			<TapeInstance>
				<Id>1</Id>
				<Tape>
					<MediaName>G90130</MediaName>
				</Tape>
			</TapeInstance>
			<TapeInstance>
				<Id>2</Id>
				<Tape>
					<MediaName>H90185</MediaName>
				</Tape>
			</TapeInstance>
		</Instances>
	</Object>
</ADDITIONAL_INFO>
2024-06-17 12:00:02,694 [DivaRestoreRequestDispatcher-51] [DEBUG] c.r.divabridge.impl.DivaTask - Going to sleep for 5000 ms
2024-06-17 12:00:02,694 [DivaRestoreRequestDispatcher-69] [DEBUG] c.r.divabridge.impl.DivaTask - RestoreRequest(167609) from DIVA was received.
Status: Running. Phase: 'Migrating'.
Progress: 34.0.
Error: NoError (apiErrorCode: 1000, apiAbortionCode: 0, errorString: '').
Additional info: <?xml version="1.0" encoding="UTF-8"?>
<ADDITIONAL_INFO xmlns="http://www.fpdigital.com/divarchive/additionalInfoRequestInfo/v1.0">
	<Object>
		<Name>20220411TOR-NYY-HDPOST</Name>
		<Category>DIAMOND</Category>
		<Instances>
			<TapeInstance>
				<Id>1</Id>
				<Tape>
					<MediaName>G90128</MediaName>
				</Tape>
			</TapeInstance>
			<TapeInstance>
				<Id>2</Id>
				<Tape>
					<MediaName>H90182</MediaName>
				</Tape>
			</TapeInstance>
		</Instances>
	</Object>
</ADDITIONAL_INFO>
2024-06-17 12:00:00,149 [DivaRestoreRequestDispatcher-70] [DEBUG] c.r.divabridge.impl.DivaTask - RestoreRequest(167619) from DIVA was received.
2024-06-17 12:00:02,694 [DivaRestoreRequestDispatcher-69] [DEBUG] c.r.divabridge.impl.DivaTask - Going to sleep for 5000 ms
2024-06-17 12:00:02,694 [DivaRestoreRequestDispatcher-46] [DEBUG] c.r.divabridge.impl.DivaTask - RestoreRequest(167614) from DIVA was received.
Status: Running. Phase: 'WaitingForResources'.
Progress: 0.0.
Error: NoError (apiErrorCode: 1000, apiAbortionCode: 0, errorString: '').
Additional info: <?xml version="1.0" encoding="UTF-8"?>
<ADDITIONAL_INFO xmlns="http://www.fpdigital.com/divarchive/additionalInfoRequestInfo/v1.0">
	<Object>
		<Name>20220411SEA-MIN-ADPOST</Name>
		<Category>DIAMOND</Category>
		<Instances>
			<TapeInstance>
				<Id>1</Id>
				<Tape>
					<MediaName>G90128</MediaName>
				</Tape>
			</TapeInstance>
			<TapeInstance>
				<Id>2</Id>
				<Tape>
					<MediaName>H90190</MediaName>
				</Tape>
			</TapeInstance>
		</Instances>
	</Object>
</ADDITIONAL_INFO>
2024-06-17 12:00:02,694 [DivaRestoreRequestDispatcher-46] [DEBUG] c.r.divabridge.impl.DivaTask - Going to sleep for 5000 ms
2024-06-17 12:00:02,897 [scheduling-1] [DEBUG] c.r.c.s.m.generator.CommandGenerator - Not starting processing chains - demarcation watermark is crossed
2024-06-17 12:00:03,007 [DivaRestoreRequestDispatcher-48] [DEBUG] c.r.divabridge.impl.DivaTask - Fetching request info for request: RestoreInstance(167618)
2024-06-17 12:00:03,011 [DivaRestoreRequestDispatcher-48] [DEBUG] c.r.divabridge.impl.DivaTask - RestoreRequest(167618) from DIVA was received.
Status: Running. Phase: 'WaitingForResources'.
Progress: 0.0.
Error: NoError (apiErrorCode: 1000, apiAbortionCode: 0, errorString: '').
Additional info: <?xml version="1.0" encoding="UTF-8"?>
<ADDITIONAL_INFO xmlns="http://www.fpdigital.com/divarchive/additionalInfoRequestInfo/v1.0">
	<Object>
		<Name>20220414WAS-PIT-HD</Name>
		<Category>DIAMOND</Category>
		<Instances>
			<TapeInstance>
				<Id>1</Id>
				<Tape>
					<MediaName>G90130</MediaName>
				</Tape>
			</TapeInstance>
			<TapeInstance>
				<Id>2</Id>
				<Tape>
					<MediaName>H90189</MediaName>
				</Tape>
			</TapeInstance>
		</Instances>
	</Object>
</ADDITIONAL_INFO>
2024-06-17 12:00:03,011 [DivaRestoreRequestDispatcher-48] [DEBUG] c.r.divabridge.impl.DivaTask - Going to sleep for 5000 ms
2024-06-17 12:00:03,064 [migrate-worker-36] [DEBUG] c.r.c.s.m.t.ffmpeg.FFmpegClient - Waiting for result of processing /mnt/demarc/DIAMOND_20220725ATL-PHI-HDPREGAME_18578230/20220725ATL-PHI-HDPREGAME.mxf
2024-06-17 12:00:03,065 [migrate-worker-36] [DEBUG] c.r.c.s.m.t.ffmpeg.FFmpegClient - Processing finished (timed out = false): /mnt/demarc/DIAMOND_20220725ATL-PHI-HDPREGAME_18578230/20220725ATL-PHI-HDPREGAME.mxf
2024-06-17 12:00:03,071 [migrate-worker-36] [DEBUG] c.r.cluster.common.fs.Drive - Calculating size occupied by descriptor=FileDescriptor(ownerDrive=LocalDrive(root='/mnt/demarc', isHealthCheck=true, absoluteRootPath=/mnt/demarc) Drive(name='DEMARCATION', maxSize=8000000000000B, trackSize=true), relativePath=DIAMOND_20220725ATL-PHI-HDPREGAME_18578230/20220725ATL-PHI-HDPREGAME.mxf, isDirectory=false)
2024-06-17 12:00:03,071 [migrate-worker-36] [DEBUG] c.r.cluster.common.fs.Drive - 30444743520 bytes occupied by descriptor=FileDescriptor(ownerDrive=LocalDrive(root='/mnt/demarc', isHealthCheck=true, absoluteRootPath=/mnt/demarc) Drive(name='DEMARCATION', maxSize=8000000000000B, trackSize=true), relativePath=DIAMOND_20220725ATL-PHI-HDPREGAME_18578230/20220725ATL-PHI-HDPREGAME.mxf, isDirectory=false)
2024-06-17 12:00:03,072 [migrate-worker-36] [DEBUG] c.r.c.s.m.w.e.WorkflowExecutor - command=TranscodingCommand{storageId=3a29255d-60c0-4231-9757-36f0fdde1263, instanceId=1352819} is processed with result=Success(command=TranscodingCommand{storageId=3a29255d-60c0-4231-9757-36f0fdde1263, instanceId=1352819}, instanceTransformations=[UpdateNewSize(size=30444743520, cmd=TranscodingCommand{storageId=3a29255d-60c0-4231-9757-36f0fdde1263, instanceId=1352819}), UpdateStatus(status=DONE_TRANSCODE, cmd=TranscodingCommand{storageId=3a29255d-60c0-4231-9757-36f0fdde1263, instanceId=1352819}), UpdateMeta(meta=MetadataDto(legacyArchiveObject=DivaLegacyArchiveObjectDto(legacyArchiveName=10.224.60.20:9000 local, objectName=20220725ATL-PHI-HDPREGAME, categoryName=DIAMOND, originalServerName=diamond-sanftp01, originalPath=/data/snfs_media_xsan/XSAN-INGEST/tes-XSAN-GAMES-PREGAME/, archiveDate=2022-07-26T06:07:08Z, comments={"diamond_id":3549003,"duration":212178,"format":"MXF","org":"tes","source":[{"location1":"XSAN-INGEST\\tes-XSAN-GAMES-PREGAME\\","location2":"","location3":"","media_location_name":"DIAMOND-XSAN","source_filename":"20220725ATL-PHI-HDPREGAME.mxf","source_path":"/data/snfs_media_xsan/XSAN-INGEST/tes-XSAN-GAMES-PREGAME/"}],"timecode_offset":1888111}
, legacyArchiveObjectUuid=bdc21ffc-e508-49e3-8fad-67f1084deda8, instanceLocationTree=InstanceLocationTree(occupiedTapes={tesNET_GAMES_ON-SITE=[G00037]}, occupiedDisks={}), sizeBytes=30444743520, files=[FileDto(path=20220725ATL-PHI-HDPREGAME.mxf, uuid=5cf819a6-d3ea-4fe1-9702-594d1391e9e3, sizeBytes=30444743520, checksums=[ChecksumDto(type=MD5, value=b5978b1bb042c445749d5694a3ae75bf, blockSize=0)], extendedMetadata=null)], tapeBarcodes=[G00037], diskNames=[], tapeGroups=[tesNET_GAMES_ON-SITE], diskArrays=[], extendedMetadata=SiteMetadata(siteMetadata={diva_catalog=DIAMOND, diva_object_name=20220725ATL-PHI-HDPREGAME, metadata={asset_id=3549003, asset_name=20220725ATL-PHI-HDPREGAME, away_team=ATL, game_date_played=2022-07-25, game_pk=661555, home_team=PHI, players=, tags=Pre Game,Home Dirty,Pre Game Show}})), migrationObject=MigrationObjectDto{sizeBytes=30444743520, files=[FileDto(path=DIAMOND_20220725ATL-PHI-HDPREGAME_18578230/20220725ATL-PHI-HDPREGAME.mxf, uuid=5cf819a6-d3ea-4fe1-9702-594d1391e9e3, sizeBytes=30444743520, checksums=[ChecksumDto(type=CRC32C, value=ypVdng==, blockSize=0), ChecksumDto(type=MD5, value=b5978b1bb042c445749d5694a3ae75bf, blockSize=0)], extendedMetadata=null)], relativePath='DIAMOND_20220725ATL-PHI-HDPREGAME_18578230', migratedDate='', extendedMetadata=null}, targetInfo=[TargetInfo(targetName=GCS, destinationNameTemplate=<USE_SCRIPTING_RENAME>, metaFilenameTemplate=<USE_SCRIPTING_RENAME>, driveInfo=GCSDriveInfo(name=GCS_PROD_STANDARD, storageClass=STANDARD, bucketName=tes-media-archive-tes-prod), contentUploaded=false, metaUploaded=false, files=[], uploadedDate=, tags=[]), TargetInfo(targetName=CEPH_FIRST, destinationNameTemplate=<USE_SCRIPTING_RENAME>, metaFilenameTemplate=<USE_SCRIPTING_RENAME>, driveInfo=S3DriveInfo(name=CEPH_MAIN_FIRST, storageClass=STANDARD, bucketName=tes-media-archive-tes-prod-scs1, endPoint=https://rgw-testfirst.c01.ceph.tes.prod.sccs1.corpinf.tesinfra.net/, region=us-west-1), contentUploaded=false, metaUploaded=false, files=[], uploadedDate=, tags=[]), TargetInfo(targetName=CEPH_SECOND, destinationNameTemplate=<USE_SCRIPTING_RENAME>, metaFilenameTemplate=<USE_SCRIPTING_RENAME>, driveInfo=S3DriveInfo(name=CEPH_MAIN_SECOND, storageClass=STANDARD, bucketName=tes-media-archive-tes-prod-dvr1, endPoint=https://rgw-testfirst.c01.ceph.tes.prod.dnvr1.corpinf.tesinfra.net/, region=us-west-1), contentUploaded=false, metaUploaded=false, files=[], uploadedDate=, tags=[]), TargetInfo(targetName=APIE_META_EXCHANGE, destinationNameTemplate=<USE_SCRIPTING_RENAME>, metaFilenameTemplate=<USE_SCRIPTING_RENAME>, driveInfo=LocalDriveInfo(name=LOCAL_META, rootPath=/mnt/apie-meta), contentUploaded=false, metaUploaded=false, files=[], uploadedDate=, tags=[])], migrationApplication=MigrationApplicationDto(version=Cloudfirst.io Rapid Migrate V19.0.0.RELEASE, metadataVersion=4.0, buildInfo=BuildInfoDto(buildDate=2024-01-16T08:31:07.036369371Z, buildBranch=tag, buildCommit=19.0.0.RELEASE)), extendedMetadata=FFmpegMeta(filename=20220725ATL-PHI-HDPREGAME.mxf, container=mxf, containerLongName=MXF (Material eXchange Format), containerTags={operational_pattern_ul=060e2b34.04010101.0d010201.01010900, uid=f0cc78a8-0c60-11ed-a9a1-ac1f6b8ba227, generation_uid=f0cc78aa-0c60-11ed-a9a1-ac1f6b8ba227, company_name=Cinegy GmbH, product_name=Cinecoder Plugin Multiplexers, product_version_num=0.0.0.0.0, product_uid=00000000-0000-0000-0000-000000000000, modification_date=2022-07-25T21:30:02.000000Z, toolkit_version_num=1.1.22.0.1, application_platform=Cinecoder Plugin Multiplexers (Windows), material_package_umid=0x060A2B340101010501010F0013000000F0CC78AB0C6011EDA9A1AC1F6B8BA227, timecode=17:30:00;01}, videoStreamsNumber=1, debugInfo=[Timecode extraction is not supported for format mxf], videoStreams=[FFmpegVideoStream(other={side_data_list=[{side_data_type=CPB properties}], has_b_frames=1, closed_captions=0}, index=0, codecName=mpeg2video, codecLongName=MPEG-2 video, profile=4:2:2, codecTimeBase=null, codecTagString=[0][0][0][0], codecTag=0x0000, width=1280, height=720, codedWidth=0, codedHeight=0, sampleAspectRatio=1:1, displayAspectRatio=16:9, pixFmt=yuv422p, level=2, colorRange=tv, colorSpace=bt709, colorTransfer=bt709, colorPrimaries=bt709, chromaLocation=topleft, fieldOrder=progressive, timecode=null, refs=1, isAvc=null, nalLengthSize=null, id=null, rFrameRate=DivisionSafeFraction(nominator=60000, denominator=1001), avgFrameRate=DivisionSafeFraction(nominator=60000, denominator=1001), timeBase=DivisionSafeFraction(nominator=1001, denominator=60000), startPts=0, startTime=0.0, durationTs=212178, duration=3539.8363, bitRate=50000000, maxBitRate=null, bitsPerRawSample=null, nbFrames=0, nbReadFrames=null, nbReadPackets=null, disposition=Disposition(default=0, dub=0, original=0, comment=0, lyrics=0, karaoke=0, forced=0, hearingImpaired=0, visualImpaired=0, cleanEffects=0, attachedPic=0, timedThumbnails=0), tags={file_package_umid=0x060A2B340101010501010F0013000000F0CC78AC0C6011EDA9A1AC1F6B8BA227})], dataStreams=[FFmpegDataStream(fields={disposition={default=0, dub=0, original=0, comment=0, lyrics=0, karaoke=0, forced=0, hearing_impaired=0, visual_impaired=0, clean_effects=0, attached_pic=0, timed_thumbnails=0}, duration=3539.836300, duration_ts=212178, start_time=0.000000, start_pts=0, time_base=1001/60000, avg_frame_rate=0/0, r_frame_rate=0/0, codec_tag=0x0000, codec_tag_string=[0][0][0][0], index=17}, tags={file_package_umid=0x060A2B340101010501010F0013000000F0CC78AC0C6011EDA9A1AC1F6B8BA227, data_type=vbi_vanc_smpte_436M})], subtitleStreams=[], unknownStreams=[FFmpegUnknownStream(codecType=com.rapidmigrate.cluster.slave.migration.transcoding.ffmpeg.model.CodecType$AUDIO@45b13917, tags={file_package_umid=0x060A2B340101010501010F0013000000F0CC78AC0C6011EDA9A1AC1F6B8BA227}, fields={disposition={default=0, dub=0, original=0, comment=0, lyrics=0, karaoke=0, forced=0, hearing_impaired=0, visual_impaired=0, clean_effects=0, attached_pic=0, timed_thumbnails=0}, bit_rate=768000, duration=3539.836292, duration_ts=169912142, start_time=0.000000, start_pts=0, time_base=1/48000, avg_frame_rate=0/0, r_frame_rate=0/0, bits_per_sample=16, channels=1, sample_rate=48000, sample_fmt=s16, codec_tag=0x0000, codec_tag_string=[0][0][0][0], codec_long_name=PCM signed 16-bit little-endian, codec_name=pcm_s16le, index=1}), FFmpegUnknownStream(codecType=com.rapidmigrate.cluster.slave.migration.transcoding.ffmpeg.model.CodecType$AUDIO@45b13917, tags={file_package_umid=0x060A2B340101010501010F0013000000F0CC78AC0C6011EDA9A1AC1F6B8BA227}, fields={disposition={default=0, dub=0, original=0, comment=0, lyrics=0, karaoke=0, forced=0, hearing_impaired=0, visual_impaired=0, clean_effects=0, attached_pic=0, timed_thumbnails=0}, bit_rate=768000, duration=3539.836292, duration_ts=169912142, start_time=0.000000, start_pts=0, time_base=1/48000, avg_frame_rate=0/0, r_frame_rate=0/0, bits_per_sample=16, channels=1, sample_rate=48000, sample_fmt=s16, codec_tag=0x0000, codec_tag_string=[0][0][0][0], codec_long_name=PCM signed 16-bit little-endian, codec_name=pcm_s16le, index=2}), FFmpegUnknownStream(codecType=com.rapidmigrate.cluster.slave.migration.transcoding.ffmpeg.model.CodecType$AUDIO@45b13917, tags={file_package_umid=0x060A2B340101010501010F0013000000F0CC78AC0C6011EDA9A1AC1F6B8BA227}, fields={disposition={default=0, dub=0, original=0, comment=0, lyrics=0, karaoke=0, forced=0, hearing_impaired=0, visual_impaired=0, clean_effects=0, attached_pic=0, timed_thumbnails=0}, bit_rate=768000, duration=3539.836292, duration_ts=169912142, start_time=0.000000, start_pts=0, time_base=1/48000, avg_frame_rate=0/0, r_frame_rate=0/0, bits_per_sample=16, channels=1, sample_rate=48000, sample_fmt=s16, codec_tag=0x0000, codec_tag_string=[0][0][0][0], codec_long_name=PCM signed 16-bit little-endian, codec_name=pcm_s16le, index=3}), FFmpegUnknownStream(codecType=com.rapidmigrate.cluster.slave.migration.transcoding.ffmpeg.model.CodecType$AUDIO@45b13917, tags={file_package_umid=0x060A2B340101010501010F0013000000F0CC78AC0C6011EDA9A1AC1F6B8BA227}, fields={disposition={default=0, dub=0, original=0, comment=0, lyrics=0, karaoke=0, forced=0, hearing_impaired=0, visual_impaired=0, clean_effects=0, attached_pic=0, timed_thumbnails=0}, bit_rate=768000, duration=3539.836292, duration_ts=169912142, start_time=0.000000, start_pts=0, time_base=1/48000, avg_frame_rate=0/0, r_frame_rate=0/0, bits_per_sample=16, channels=1, sample_rate=48000, sample_fmt=s16, codec_tag=0x0000, codec_tag_string=[0][0][0][0], codec_long_name=PCM signed 16-bit little-endian, codec_name=pcm_s16le, index=4}), FFmpegUnknownStream(codecType=com.rapidmigrate.cluster.slave.migration.transcoding.ffmpeg.model.CodecType$AUDIO@45b13917, tags={file_package_umid=0x060A2B340101010501010F0013000000F0CC78AC0C6011EDA9A1AC1F6B8BA227}, fields={disposition={default=0, dub=0, original=0, comment=0, lyrics=0, karaoke=0, forced=0, hearing_impaired=0, visual_impaired=0, clean_effects=0, attached_pic=0, timed_thumbnails=0}, bit_rate=768000, duration=3539.836292, duration_ts=169912142, start_time=0.000000, start_pts=0, time_base=1/48000, avg_frame_rate=0/0, r_frame_rate=0/0, bits_per_sample=16, channels=1, sample_rate=48000, sample_fmt=s16, codec_tag=0x0000, codec_tag_string=[0][0][0][0], codec_long_name=PCM signed 16-bit little-endian, codec_name=pcm_s16le, index=5}), FFmpegUnknownStream(codecType=com.rapidmigrate.cluster.slave.migration.transcoding.ffmpeg.model.CodecType$AUDIO@45b13917, tags={file_package_umid=0x060A2B340101010501010F0013000000F0CC78AC0C6011EDA9A1AC1F6B8BA227}, fields={disposition={default=0, dub=0, original=0, comment=0, lyrics=0, karaoke=0, forced=0, hearing_impaired=0, visual_impaired=0, clean_effects=0, attached_pic=0, timed_thumbnails=0}, bit_rate=768000, duration=3539.836292, duration_ts=169912142, start_time=0.000000, start_pts=0, time_base=1/48000, avg_frame_rate=0/0, r_frame_rate=0/0, bits_per_sample=16, channels=1, sample_rate=48000, sample_fmt=s16, codec_tag=0x0000, codec_tag_string=[0][0][0][0], codec_long_name=PCM signed 16-bit little-endian, codec_name=pcm_s16le, index=6}), FFmpegUnknownStream(codecType=com.rapidmigrate.cluster.slave.migration.transcoding.ffmpeg.model.CodecType$AUDIO@45b13917, tags={file_package_umid=0x060A2B340101010501010F0013000000F0CC78AC0C6011EDA9A1AC1F6B8BA227}, fields={disposition={default=0, dub=0, original=0, comment=0, lyrics=0, karaoke=0, forced=0, hearing_impaired=0, visual_impaired=0, clean_effects=0, attached_pic=0, timed_thumbnails=0}, bit_rate=768000, duration=3539.836292, duration_ts=169912142, start_time=0.000000, start_pts=0, time_base=1/48000, avg_frame_rate=0/0, r_frame_rate=0/0, bits_per_sample=16, channels=1, sample_rate=48000, sample_fmt=s16, codec_tag=0x0000, codec_tag_string=[0][0][0][0], codec_long_name=PCM signed 16-bit little-endian, codec_name=pcm_s16le, index=7}), FFmpegUnknownStream(codecType=com.rapidmigrate.cluster.slave.migration.transcoding.ffmpeg.model.CodecType$AUDIO@45b13917, tags={file_package_umid=0x060A2B340101010501010F0013000000F0CC78AC0C6011EDA9A1AC1F6B8BA227}, fields={disposition={default=0, dub=0, original=0, comment=0, lyrics=0, karaoke=0, forced=0, hearing_impaired=0, visual_impaired=0, clean_effects=0, attached_pic=0, timed_thumbnails=0}, bit_rate=768000, duration=3539.836292, duration_ts=169912142, start_time=0.000000, start_pts=0, time_base=1/48000, avg_frame_rate=0/0, r_frame_rate=0/0, bits_per_sample=16, channels=1, sample_rate=48000, sample_fmt=s16, codec_tag=0x0000, codec_tag_string=[0][0][0][0], codec_long_name=PCM signed 16-bit little-endian, codec_name=pcm_s16le, index=8}), FFmpegUnknownStream(codecType=com.rapidmigrate.cluster.slave.migration.transcoding.ffmpeg.model.CodecType$AUDIO@45b13917, tags={file_package_umid=0x060A2B340101010501010F0013000000F0CC78AC0C6011EDA9A1AC1F6B8BA227}, fields={disposition={default=0, dub=0, original=0, comment=0, lyrics=0, karaoke=0, forced=0, hearing_impaired=0, visual_impaired=0, clean_effects=0, attached_pic=0, timed_thumbnails=0}, bit_rate=768000, duration=3539.836292, duration_ts=169912142, start_time=0.000000, start_pts=0, time_base=1/48000, avg_frame_rate=0/0, r_frame_rate=0/0, bits_per_sample=16, channels=1, sample_rate=48000, sample_fmt=s16, codec_tag=0x0000, codec_tag_string=[0][0][0][0], codec_long_name=PCM signed 16-bit little-endian, codec_name=pcm_s16le, index=9}), FFmpegUnknownStream(codecType=com.rapidmigrate.cluster.slave.migration.transcoding.ffmpeg.model.CodecType$AUDIO@45b13917, tags={file_package_umid=0x060A2B340101010501010F0013000000F0CC78AC0C6011EDA9A1AC1F6B8BA227}, fields={disposition={default=0, dub=0, original=0, comment=0, lyrics=0, karaoke=0, forced=0, hearing_impaired=0, visual_impaired=0, clean_effects=0, attached_pic=0, timed_thumbnails=0}, bit_rate=768000, duration=3539.836292, duration_ts=169912142, start_time=0.000000, start_pts=0, time_base=1/48000, avg_frame_rate=0/0, r_frame_rate=0/0, bits_per_sample=16, channels=1, sample_rate=48000, sample_fmt=s16, codec_tag=0x0000, codec_tag_string=[0][0][0][0], codec_long_name=PCM signed 16-bit little-endian, codec_name=pcm_s16le, index=10}), FFmpegUnknownStream(codecType=com.rapidmigrate.cluster.slave.migration.transcoding.ffmpeg.model.CodecType$AUDIO@45b13917, tags={file_package_umid=0x060A2B340101010501010F0013000000F0CC78AC0C6011EDA9A1AC1F6B8BA227}, fields={disposition={default=0, dub=0, original=0, comment=0, lyrics=0, karaoke=0, forced=0, hearing_impaired=0, visual_impaired=0, clean_effects=0, attached_pic=0, timed_thumbnails=0}, bit_rate=768000, duration=3539.836292, duration_ts=169912142, start_time=0.000000, start_pts=0, time_base=1/48000, avg_frame_rate=0/0, r_frame_rate=0/0, bits_per_sample=16, channels=1, sample_rate=48000, sample_fmt=s16, codec_tag=0x0000, codec_tag_string=[0][0][0][0], codec_long_name=PCM signed 16-bit little-endian, codec_name=pcm_s16le, index=11}), FFmpegUnknownStream(codecType=com.rapidmigrate.cluster.slave.migration.transcoding.ffmpeg.model.CodecType$AUDIO@45b13917, tags={file_package_umid=0x060A2B340101010501010F0013000000F0CC78AC0C6011EDA9A1AC1F6B8BA227}, fields={disposition={default=0, dub=0, original=0, comment=0, lyrics=0, karaoke=0, forced=0, hearing_impaired=0, visual_impaired=0, clean_effects=0, attached_pic=0, timed_thumbnails=0}, bit_rate=768000, duration=3539.836292, duration_ts=169912142, start_time=0.000000, start_pts=0, time_base=1/48000, avg_frame_rate=0/0, r_frame_rate=0/0, bits_per_sample=16, channels=1, sample_rate=48000, sample_fmt=s16, codec_tag=0x0000, codec_tag_string=[0][0][0][0], codec_long_name=PCM signed 16-bit little-endian, codec_name=pcm_s16le, index=12}), FFmpegUnknownStream(codecType=com.rapidmigrate.cluster.slave.migration.transcoding.ffmpeg.model.CodecType$AUDIO@45b13917, tags={file_package_umid=0x060A2B340101010501010F0013000000F0CC78AC0C6011EDA9A1AC1F6B8BA227}, fields={disposition={default=0, dub=0, original=0, comment=0, lyrics=0, karaoke=0, forced=0, hearing_impaired=0, visual_impaired=0, clean_effects=0, attached_pic=0, timed_thumbnails=0}, bit_rate=768000, duration=3539.836292, duration_ts=169912142, start_time=0.000000, start_pts=0, time_base=1/48000, avg_frame_rate=0/0, r_frame_rate=0/0, bits_per_sample=16, channels=1, sample_rate=48000, sample_fmt=s16, codec_tag=0x0000, codec_tag_string=[0][0][0][0], codec_long_name=PCM signed 16-bit little-endian, codec_name=pcm_s16le, index=13}), FFmpegUnknownStream(codecType=com.rapidmigrate.cluster.slave.migration.transcoding.ffmpeg.model.CodecType$AUDIO@45b13917, tags={file_package_umid=0x060A2B340101010501010F0013000000F0CC78AC0C6011EDA9A1AC1F6B8BA227}, fields={disposition={default=0, dub=0, original=0, comment=0, lyrics=0, karaoke=0, forced=0, hearing_impaired=0, visual_impaired=0, clean_effects=0, attached_pic=0, timed_thumbnails=0}, bit_rate=768000, duration=3539.836292, duration_ts=169912142, start_time=0.000000, start_pts=0, time_base=1/48000, avg_frame_rate=0/0, r_frame_rate=0/0, bits_per_sample=16, channels=1, sample_rate=48000, sample_fmt=s16, codec_tag=0x0000, codec_tag_string=[0][0][0][0], codec_long_name=PCM signed 16-bit little-endian, codec_name=pcm_s16le, index=14}), FFmpegUnknownStream(codecType=com.rapidmigrate.cluster.slave.migration.transcoding.ffmpeg.model.CodecType$AUDIO@45b13917, tags={file_package_umid=0x060A2B340101010501010F0013000000F0CC78AC0C6011EDA9A1AC1F6B8BA227}, fields={disposition={default=0, dub=0, original=0, comment=0, lyrics=0, karaoke=0, forced=0, hearing_impaired=0, visual_impaired=0, clean_effects=0, attached_pic=0, timed_thumbnails=0}, bit_rate=768000, duration=3539.836292, duration_ts=169912142, start_time=0.000000, start_pts=0, time_base=1/48000, avg_frame_rate=0/0, r_frame_rate=0/0, bits_per_sample=16, channels=1, sample_rate=48000, sample_fmt=s16, codec_tag=0x0000, codec_tag_string=[0][0][0][0], codec_long_name=PCM signed 16-bit little-endian, codec_name=pcm_s16le, index=15}), FFmpegUnknownStream(codecType=com.rapidmigrate.cluster.slave.migration.transcoding.ffmpeg.model.CodecType$AUDIO@45b13917, tags={file_package_umid=0x060A2B340101010501010F0013000000F0CC78AC0C6011EDA9A1AC1F6B8BA227}, fields={disposition={default=0, dub=0, original=0, comment=0, lyrics=0, karaoke=0, forced=0, hearing_impaired=0, visual_impaired=0, clean_effects=0, attached_pic=0, timed_thumbnails=0}, bit_rate=768000, duration=3539.836292, duration_ts=169912142, start_time=0.000000, start_pts=0, time_base=1/48000, avg_frame_rate=0/0, r_frame_rate=0/0, bits_per_sample=16, channels=1, sample_rate=48000, sample_fmt=s16, codec_tag=0x0000, codec_tag_string=[0][0][0][0], codec_long_name=PCM signed 16-bit little-endian, codec_name=pcm_s16le, index=16})]), metaType=null), cmd=TranscodingCommand{storageId=3a29255d-60c0-4231-9757-36f0fdde1263, instanceId=1352819})])
2024-06-17 12:00:03,073 [migrate-worker-36] [DEBUG] c.r.c.s.m.s.MigrationSynchronizer - Allocated space at drive=DEMARCATION: 6406936504742 -> 6406936504742 (delta=0)
2024-06-17 12:00:03,074 [migrate-worker-36] [DEBUG] org.jooq.tools.LoggerListener - Executing query          : update "public"."instance_item" set "new_size_bytes" = ?, "metadata" = cast(? as json), "migration_status" = ? where "public"."instance_item"."id" = ?
2024-06-17 12:00:03,074 [migrate-worker-36] [DEBUG] org.jooq.tools.LoggerListener - -> with bind values      : update "public"."instance_item" set "new_size_bytes" = 30444743520, "metadata" = cast('{"legacyArchiveObject":{"type":"DIVA","legacyArchiveName":"10.224.60.20:9000 local","objectName":"20220725ATL-PHI-HDPREGAME","categoryName":"DIAMOND","originalServerName":"diamond-sanftp01","originalPath":"/data/snfs_media_xsan/XSAN-INGEST/tes-XSAN-GAMES-PREGAME/","archiveDate":"2022-07-26T06:07:08Z","comments":"{\"diamond_id\":3549003,\"duration\":212178,\"format\":\"MXF\",\"org\":\"tes\",\"source\":[{\"location1\":\"XSAN-INGEST\\\\tes-XSAN-GAMES-PREGAME\\\\\",\"location2\":\"\",\"location3\":\"\",\"media_location_name\":\"DIAMOND-XSAN\",\"source_filename\":\"20220725ATL-PHI-HDPREGAME.mxf\",\"source_path\":\"/data/snfs_media_xsan/XSAN-INGEST/tes-XSAN-GAMES-PREGAME/\"}],\"timecode_offset\":1888111}\n","legacyArchiveObjectUuid":"bdc21ffc-e508-49e3-8fad-67f1084deda8","instanceLocationTree":{"occupiedTapes":{"tesNET_GAMES_ON-SITE":["G00037"]},"occupiedDisks":{}},"sizeBytes":30444743520,"files":[{"path":"20220725ATL-PHI-HDPREGAME.mxf","uuid":"5cf819a6-d3ea-4fe1-9702-594d1391e9e3","sizeBytes":30444743520,"checksums":[{"type":"MD5","value":"b5978b1bb042c445749d5694a3ae75bf"}]}],"tapeBarcodes":["G00037"],"diskNames":[],"tapeGroups":["tesNET_GAMES_ON-SITE"],"diskArrays":[],"extendedMetadata":{"_type":"SITE","diva_catalog":"DIAMOND","diva_object_name":"20220725ATL-PHI-HDPREGAME","metadata":{"asset_id":"3549003","asset_name":"20220725ATL-PHI-HDPREGAME","away_team":"ATL","game_date_played":"2022-07-25","game_pk":"661555","home_team":"PHI","players":"","tags":"Pre Game,Home Dirty,Pre Game Show"}}},"migrationObject":{"sizeBytes":30444743520,"files":[{"path":"DIAMOND_20220725ATL-PHI-HDPREGAME_18578230/20220725ATL-PHI-HDPREGAME.mxf","uuid":"5cf819a6-d3ea-4fe1-9702-594d1391e9e3","sizeBytes":30444743520,"checksums":[{"type":"CRC32C","value":"ypVdng=="},{"type":"MD5","value":"b5978b1bb042c445749d5694a3ae75bf"}]}],"generatedFolderName":"DIAMOND_20220725ATL-PHI-HDPREGAME_18578230","migratedDate":""},"targetInfo":[{"targetName":"GCS","destinationNameTemplate":"<USE_SCRIPTING_RENAME>","metaFilenameTemplate":"<USE_SCRIPTING_RENAME>","driveInfo":{"type":"GCS","name":"GCS_PROD_STANDARD","storageClass":"STANDARD","bucketName":"tes-media-archive-tes-prod"},"contentUploaded":false,"metaUploaded":false,"files":[],"uploadedDate":""},{"targetName":"CEPH_FIRST","destinationNameTemplate":"<USE_SCRIPTING_RENAME>","metaFilenameTemplate":"<USE_SCRIPTING_RENAME>","driveInfo":{"type":"S3_V2","name":"CEPH_MAIN_FIRST","storageClass":"STANDARD","bucketName":"tes-media-archive-tes-prod-scs1","endPoint":"https://rgw-testfirst.c01.ceph.tes.prod.sccs1.corpinf.tesinfra.net/","region":"us-west-1"},"contentUploaded":false,"metaUploaded":false,"files":[],"uploadedDate":""},{"targetName":"CEPH_SECOND","destinationNameTemplate":"<USE_SCRIPTING_RENAME>","metaFilenameTemplate":"<USE_SCRIPTING_RENAME>","driveInfo":{"type":"S3_V2","name":"CEPH_MAIN_SECOND","storageClass":"STANDARD","bucketName":"tes-media-archive-tes-prod-dvr1","endPoint":"https://rgw-testfirst.c01.ceph.tes.prod.dnvr1.corpinf.tesinfra.net/","region":"us-west-1"},"contentUploaded":false,"metaUploaded":false,"files":[],"uploadedDate":""},{"targetName":"APIE_META_EXCHANGE","destinationNameTemplate":"<USE_SCRIPTING_RENAME>","metaFilenameTemplate":"<USE_SCRIPTING_RENAME>","driveInfo":{"type":"LOCAL_DISK","name":"LOCAL_META","rootPath":"/mnt/apie-meta"},"contentUploaded":false,"metaUploaded":false,"files":[],"uploadedDate":""}],"migrationApplication":{"version":"Cloudfirst.io Rapid Migrate V19.0.0.RELEASE","metadataVersion":{"major":4,"minor":0},"buildInfo":{"buildDate":"2024-01-16T08:31:07.036369371Z","buildBranch":"tag","buildCommit":"19.0.0.RELEASE"}},"extendedMetadata":{"_type":"TEFF","filename":"20220725ATL-PHI-HDPREGAME.mxf","container":"mxf","containerLongName":"MXF (Material eXchange Format)","containerTags":{"operational_pattern_ul":"060e2b34.04010101.0d010201.01010900","uid":"f0cc78a8-0c60-11ed-a9a1-ac1f6b8ba227","generation_uid":"f0cc78aa-0c60-11ed-a9a1-ac1f6b8ba227","company_name":"Cinegy GmbH","product_name":"Cinecoder Plugin Multiplexers","product_version_num":"0.0.0.0.0","product_uid":"00000000-0000-0000-0000-000000000000","modification_date":"2022-07-25T21:30:02.000000Z","toolkit_version_num":"1.1.22.0.1","application_platform":"Cinecoder Plugin Multiplexers (Windows)","material_package_umid":"0x060A2B340101010501010F0013000000F0CC78AB0C6011EDA9A1AC1F6B8BA227","timecode":"17:30:00;01"},"videoStreamsNumber":1,"debugInfo":["Timecode extraction is not supported for format mxf"],"videoStreams":[{"other":{"side_data_list":[{"side_data_type":"CPB properties"}],"has_b_frames":1,"closed_captions":0},"index":0,"codecName":"mpeg2video","codecLongName":"MPEG-2 video","profile":"4:2:2","codecTimeBase":null,"codecTagString":"[0][0][0][0]","codecTag":"0x0000","width":1280,"height":720,"codedWidth":0,"codedHeight":0,"sampleAspectRatio":"1:1","displayAspectRatio":"16:9","pixFmt":"yuv422p","level":2,"colorRange":"tv","colorSpace":"bt709","colorTransfer":"bt709","colorPrimaries":"bt709","chromaLocation":"topleft","fieldOrder":"progressive","timecode":null,"refs":1,"isAvc":null,"nalLengthSize":null,"id":null,"avgFrameRate":"60000/1001","timeBase":"1001/60000","startPts":0,"startTime":0.0,"durationTs":212178,"duration":3539.8363,"bitRate":50000000,"maxBitRate":null,"bitsPerRawSample":null,"nbFrames":0,"nbReadFrames":null,"nbReadPackets":null,"disposition":{"default":0,"dub":0,"original":0,"comment":0,"lyrics":0,"karaoke":0,"forced":0,"hearingImpaired":0,"visualImpaired":0,"cleanEffects":0,"attachedPic":0,"timedThumbnails":0},"tags":{"file_package_umid":"0x060A2B340101010501010F0013000000F0CC78AC0C6011EDA9A1AC1F6B8BA227"},"timeCodeType":"UNKNOWN","rframeRate":"60000/1001","fps":59.94005994005994,"codec_type":"video"}],"dataStreams":[{"tags":{"file_package_umid":"0x060A2B340101010501010F0013000000F0CC78AC0C6011EDA9A1AC1F6B8BA227","data_type":"vbi_vanc_smpte_436M"},"codec_type":"data","disposition":{"default":0,"dub":0,"original":0,"comment":0,"lyrics":0,"karaoke":0,"forced":0,"hearing_impaired":0,"visual_impaired":0,"clean_effects":0,"attached_pic":0,"timed_thumbnails":0},"duration":"3539.836300","duration_ts":212178,"start_time":"0.000000","start_pts":0,"time_base":"1001/60000","avg_frame_rate":"0/0","r_frame_rate":"0/0","codec_tag":"0x0000","codec_tag_string":"[0][0][0][0]","index":17}],"subtitleStreams":[],"unknownStreams":[{"codec_type":"audio","tags":{"file_package_umid":"0x060A2B340101010501010F0013000000F0CC78AC0C6011EDA9A1AC1F6B8BA227"},"disposition":{"default":0,"dub":0,"original":0,"comment":0,"lyrics":0,"karaoke":0,"forced":0,"hearing_impaired":0,"visual_impaired":0,"clean_effects":0,"attached_pic":0,"timed_thumbnails":0},"bit_rate":"768000","duration":"3539.836292","duration_ts":169912142,"start_time":"0.000000","start_pts":0,"time_base":"1/48000","avg_frame_rate":"0/0","r_frame_rate":"0/0","bits_per_sample":16,"channels":1,"sample_rate":"48000","sample_fmt":"s16","codec_tag":"0x0000","codec_tag_string":"[0][0][0][0]","codec_long_name":"PCM signed 16-bit little-endian","codec_name":"pcm_s16le","index":1},{"codec_type":"audio","tags":{"file_package_umid":"0x060A2B340101010501010F0013000000F0CC78AC0C6011EDA9A1AC1F6B8BA227"},"disposition":{"default":0,"dub":0,"original":0,"comment":0,"lyrics":0,"karaoke":0,"forced":0,"hearing_impaired":0,"visual_impaired":0,"clean_effects":0,"attached_pic":0,"timed_thumbnails":0},"bit_rate":"768000","duration":"3539.836292","duration_ts":169912142,"start_time":"0.000000","start_pts":0,"time_base":"1/48000","avg_frame_rate":"0/0","r_frame_rate":"0/0","bits_per_sample":16,"channels":1,"sample_rate":"48000","sample_fmt":"s16","codec_tag":"0x0000","codec_tag_string":"[0][0][0][0]","codec_long_name":"PCM signed 16-bit little-endian","codec_name":"pcm_s16le","index":2},{"codec_type":"audio","tags":{"file_package_umid":"0x060A2B340101010501010F0013000000F0CC78AC0C6011EDA9A1AC1F6B8BA227"},"disposition":{"default":0,"dub":0,"original":0,"comment":0,"lyrics":0,"karaoke":0,"forced":0,"hearing_impaired":0,"visual_impaired":0,"clean_effects":0,"attached_pic":0,"timed_thumbnails":0},"bit_rate":"768000","duration":"3539.836292","duration_ts":169912142,"start_time":"0.000000","start_pts":0,"time_base":"1/48000","avg_frame_rate":"0/0","r_frame_rate":"0/0","bits_per_sample":16,"channels":1,"sample_rate":"48000","sample_fmt":"s16","codec_tag":"0x0000","codec_tag_string":"[0][0][0][0]","codec_long_name":"PCM signed 16-bit little-endian","codec_name":"pcm_s16le","index":3},{"codec_type":"audio","tags":{"file_package_umid":"0x060A2B340101010501010F0013000000F0CC78AC0C6011EDA9A1AC1F6B8BA227"},"disposition":{"default":0,"dub":0,"original":0,"comment":0,"lyrics":0,"karaoke":0,"forced":0,"hearing_impaired":0,"visual_impaired":0,"clean_effects":0,"attached_pic":0,"timed_thumbnails":0},"bit_rate":"768000","duration":"3539.836292","duration_ts":169912142,"start_time":"0.000000","start_pts":0,"time_base":"1/48000","avg_frame_rate":"0/0","r_frame_rate":"0/0","bits_per_sample":16,"channels":1,"sample_rate":"48000","sample_fmt":"s16","codec_tag":"0x0000","codec_tag_string":"[0][0][0][0]","codec_long_name":"PCM signed 16-bit little-endian","codec_name":"pcm_s16le","index":4},{"codec_type":"audio","tags":{"file_package_umid":"0x060A2B340101010501010F0013000000F0CC78AC0C6011EDA9A1AC1F6B8BA227"},"disposition":{"default":0,"dub":0,"original":0,"comment":0,"lyrics":0,"karaoke":0,"forced":0,"hearing_impaired":0,"visual_impaired":0,"clean_effects":0,"attached_pic":0,"timed_thumbnails":0},"bit_rate":"768000","duration":"3539.836292","duration_ts":169912142,"start_time":"0.000000","start_pts":0,"time_base":"1/48000","avg_frame_rate":"0/0","r_frame_rate":"0/0","bits_per_sample":16,"channels":1,"sample_rate":"48000","sample_fmt":"s16","codec_tag":"0x0000","codec_tag_string":"[0][0][0][0]","codec_long_name":"PCM signed 16-bit little-endian","codec_name":"pcm_s16le","index":5},{"codec_type":"audio","tags":{"file_package_umid":"0x060A2B340101010501010F0013000000F0CC78AC0C6011EDA9A1AC1F6B8BA227"},"disposition":{"default":0,"dub":0,"original":0,"comment":0,"lyrics":0,"karaoke":0,"forced":0,"hearing_impaired":0,"visual_impaired":0,"clean_effects":0,"attached_pic":0,"timed_thumbnails":0},"bit_rate":"768000","duration":"3539.836292","duration_ts":169912142,"start_time":"0.000000","start_pts":0,"time_base":"1/48000","avg_frame_rate":"0/0","r_frame_rate":"0/0","bits_per_sample":16,"channels":1,"sample_rate":"48000","sample_fmt":"s16","codec_tag":"0x0000","codec_tag_string":"[0][0][0][0]","codec_long_name":"PCM signed 16-bit little-endian","codec_name":"pcm_s16le","index":6},{"codec_type":"audio","tags":{"file_package_umid":"0x060A2B340101010501010F0013000000F0CC78AC0C6011EDA9A1AC1F6B8BA227"},"disposition":{"default":0,"dub":0,"original":0,"comment":0,"lyrics":0,"karaoke":0,"forced":0,"hearing_impaired":0,"visual_impaired":0,"clean_effects":0,"attached_pic":0,"timed_thumbnails":0},"bit_rate":"768000","duration":"3539.836292","duration_ts":169912142,"start_time":"0.000000","start_pts":0,"time_base":"1/48000","avg_frame_rate":"0/0","r_frame_rate":"0/0","bits_per_sample":16,"channels":1,"sample_rate":"48000","sample_fmt":"s16","codec_tag":"0x0000","codec_tag_string":"[0][0][0][0]","codec_long_name":"PCM signed 16-bit little-endian","codec_name":"pcm_s16le","index":7},{"codec_type":"audio","tags":{"file_package_umid":"0x060A2B340101010501010F0013000000F0CC78AC0C6011EDA9A1AC1F6B8BA227"},"disposition":{"default":0,"dub":0,"original":0,"comment":0,"lyrics":0,"karaoke":0,"forced":0,"hearing_impaired":0,"visual_impaired":0,"clean_effects":0,"attached_pic":0,"timed_thumbnails":0},"bit_rate":"768000","duration":"3539.836292","duration_ts":169912142,"start_time":"0.000000","start_pts":0,"time_base":"1/48000","avg_frame_rate":"0/0","r_frame_rate":"0/0","bits_per_sample":16,"channels":1,"sample_rate":"48000","sample_fmt":"s16","codec_tag":"0x0000","codec_tag_string":"[0][0][0][0]","codec_long_name":"PCM signed 16-bit little-endian","codec_name":"pcm_s16le","index":8},{"codec_type":"audio","tags":{"file_package_umid":"0x060A2B340101010501010F0013000000F0CC78AC0C6011EDA9A1AC1F6B8BA227"},"disposition":{"default":0,"dub":0,"original":0,"comment":0,"lyrics":0,"karaoke":0,"forced":0,"hearing_impaired":0,"visual_impaired":0,"clean_effects":0,"attached_pic":0,"timed_thumbnails":0},"bit_rate":"768000","duration":"3539.836292","duration_ts":169912142,"start_time":"0.000000","start_pts":0,"time_base":"1/48000","avg_frame_rate":"0/0","r_frame_rate":"0/0","bits_per_sample":16,"channels":1,"sample_rate":"48000","sample_fmt":"s16","codec_tag":"0x0000","codec_tag_string":"[0][0][0][0]","codec_long_name":"PCM signed 16-bit little-endian","codec_name":"pcm_s16le","index":9},{"codec_type":"audio","tags":{"file_package_umid":"0x060A2B340101010501010F0013000000F0CC78AC0C6011EDA9A1AC1F6B8BA227"},"disposition":{"default":0,"dub":0,"original":0,"comment":0,"lyrics":0,"karaoke":0,"forced":0,"hearing_impaired":0,"visual_impaired":0,"clean_effects":0,"attached_pic":0,"timed_thumbnails":0},"bit_rate":"768000","duration":"3539.836292","duration_ts":169912142,"start_time":"0.000000","start_pts":0,"time_base":"1/48000","avg_frame_rate":"0/0","r_frame_rate":"0/0","bits_per_sample":16,"channels":1,"sample_rate":"48000","sample_fmt":"s16","codec_tag":"0x0000","codec_tag_string":"[0][0][0][0]","codec_long_name":"PCM signed 16-bit little-endian","codec_name":"pcm_s16le","index":10},{"codec_type":"audio","tags":{"file_package_umid":"0x060A2B340101010501010F0013000000F0CC78AC0C6011EDA9A1AC1F6B8BA227"},"disposition":{"default":0,"dub":0,"original":0,"comment":0,"lyrics":0,"karaoke":0,"forced":0,"hearing_impaired":0,"visual_impaired":0,"clean_effects":0,"attached_pic":0,"timed_thumbnails":0},"bit_rate":"768000","duration":"3539.836292","duration_ts":169912142,"start_time":"0.000000","start_pts":0,"time_base":"1/48000","avg_frame_rate":"0/0","r_frame_rate":"0/0","bits_per_sample":16,"channels":1,"sample_rate":"48000","sample_fmt":"s16","codec_tag":"0x0000","codec_tag_string":"[0][0][0][0]","codec_long_name":"PCM signed 16-bit little-endian","codec_name":"pcm_s16le","index":11},{"codec_type":"audio","tags":{"file_package_umid":"0x060A2B340101010501010F0013000000F0CC78AC0C6011EDA9A1AC1F6B8BA227"},"disposition":{"default":0,"dub":0,"original":0,"comment":0,"lyrics":0,"karaoke":0,"forced":0,"hearing_impaired":0,"visual_impaired":0,"clean_effects":0,"attached_pic":0,"timed_thumbnails":0},"bit_rate":"768000","duration":"3539.836292","duration_ts":169912142,"start_time":"0.000000","start_pts":0,"time_base":"1/48000","avg_frame_rate":"0/0","r_frame_rate":"0/0","bits_per_sample":16,"channels":1,"sample_rate":"48000","sample_fmt":"s16","codec_tag":"0x0000","codec_tag_string":"[0][0][0][0]","codec_long_name":"PCM signed 16-bit little-endian","codec_name":"pcm_s16le","index":12},{"codec_type":"audio","tags":{"file_package_umid":"0x060A2B340101010501010F0013000000F0CC78AC0C6011EDA9A1AC1F6B8BA227"},"disposition":{"default":0,"dub":0,"original":0,"comment":0,"lyrics":0,"karaoke":0,"forced":0,"hearing_impaired":0,"visual_impaired":0,"clean_effects":0,"attached_pic":0,"timed_thumbnails":0},"bit_rate":"768000","duration":"3539.836292","duration_ts":169912142,"start_time":"0.000000","start_pts":0,"time_base":"1/48000","avg_frame_rate":"0/0","r_frame_rate":"0/0","bits_per_sample":16,"channels":1,"sample_rate":"48000","sample_fmt":"s16","codec_tag":"0x0000","codec_tag_string":"[0][0][0][0]","codec_long_name":"PCM signed 16-bit little-endian","codec_name":"pcm_s16le","index":13},{"codec_type":"audio","tags":{"file_package_umid":"0x060A2B340101010501010F0013000000F0CC78AC0C6011EDA9A1AC1F6B8BA227"},"disposition":{"default":0,"dub":0,"original":0,"comment":0,"lyrics":0,"karaoke":0,"forced":0,"hearing_impaired":0,"visual_impaired":0,"clean_effects":0,"attached_pic":0,"timed_thumbnails":0},"bit_rate":"768000","duration":"3539.836292","duration_ts":169912142,"start_time":"0.000000","start_pts":0,"time_base":"1/48000","avg_frame_rate":"0/0","r_frame_rate":"0/0","bits_per_sample":16,"channels":1,"sample_rate":"48000","sample_fmt":"s16","codec_tag":"0x0000","codec_tag_string":"[0][0][0][0]","codec_long_name":"PCM signed 16-bit little-endian","codec_name":"pcm_s16le","index":14},{"codec_type":"audio","tags":{"file_package_umid":"0x060A2B340101010501010F0013000000F0CC78AC0C6011EDA9A1AC1F6B8BA227"},"disposition":{"default":0,"dub":0,"original":0,"comment":0,"lyrics":0,"karaoke":0,"forced":0,"hearing_impaired":0,"visual_impaired":0,"clean_effects":0,"attached_pic":0,"timed_thumbnails":0},"bit_rate":"768000","duration":"3539.836292","duration_ts":169912142,"start_time":"0.000000","start_pts":0,"time_base":"1/48000","avg_frame_rate":"0/0","r_frame_rate":"0/0","bits_per_sample":16,"channels":1,"sample_rate":"48000","sample_fmt":"s16","codec_tag":"0x0000","codec_tag_string":"[0][0][0][0]","codec_long_name":"PCM signed 16-bit little-endian","codec_name":"pcm_s16le","index":15},{"codec_type":"audio","tags":{"file_package_umid":"0x060A2B340101010501010F0013000000F0CC78AC0C6011EDA9A1AC1F6B8BA227"},"disposition":{"default":0,"dub":0,"original":0,"comment":0,"lyrics":0,"karaoke":0,"forced":0,"hearing_impaired":0,"visual_impaired":0,"clean_effects":0,"attached_pic":0,"timed_thumbnails":0},"bit_rate":"768000","duration":"3539.836292","duration_ts":169912142,"start_time":"0.000000","start_pts":0,"time_base":"1/48000","avg_frame_rate":"0/0","r_frame_rate":"0/0","bits_per_sample":16,"channels":1,"sample_rate":"48000","sample_fmt":"s16","codec_tag":"0x0000","codec_tag_string":"[0][0][0][0]","codec_long_name":"PCM signed 16-bit little-endian","codec_name":"pcm_s16le","index":16}]},"metaType":null}' as json), "migration_status" = 'DONE_TRANSCODE' where "public"."instance_item"."id" = 1352819
2024-06-17 12:00:03,076 [migrate-worker-36] [DEBUG] org.jooq.tools.LoggerListener - Affected row(s)          : 1
2024-06-17 12:00:03,079 [migrate-worker-36] [DEBUG] c.r.a.event.BaseEventNotifier - Raising stage event CommandSucceededEvent{command=TranscodingCommand{storageId=3a29255d-60c0-4231-9757-36f0fdde1263, instanceId=1352819}}
2024-06-17 12:00:03,080 [migrate-worker-36] [DEBUG] c.r.a.event.BaseEventNotifier - No listeners registered for stage event CommandSucceededEvent{command=TranscodingCommand{storageId=3a29255d-60c0-4231-9757-36f0fdde1263, instanceId=1352819}}
2024-06-17 12:00:03,083 [migrate-worker-36] [DEBUG] org.jooq.tools.LoggerListener - Executing query          : update "public"."instance_item" set "migration_status" = ? where "public"."instance_item"."id" = ?
2024-06-17 12:00:03,083 [migrate-worker-36] [DEBUG] org.jooq.tools.LoggerListener - -> with bind values      : update "public"."instance_item" set "migration_status" = 'READY_TO_RTIN_OVER_SSH' where "public"."instance_item"."id" = 1352819
2024-06-17 12:00:03,083 [migrate-worker-36] [DEBUG] org.jooq.tools.LoggerListener - Affected row(s)          : 1
2024-06-17 12:00:03,086 [migrate-worker-36] [INFO ] c.r.c.s.m.s.MigrationSynchronizer - command=ScriptedStageCommand{storageId=3a29255d-60c0-4231-9757-36f0fdde1263, instanceId=1352819} is added to the queue
2024-06-17 12:00:03,086 [migrate-worker-36] [DEBUG] c.r.c.slave.migration.worker.Worker - Trying to get a new job from the synchronizer
2024-06-17 12:00:03,087 [Work-Tester-1] [DEBUG] c.r.a.event.BaseEventNotifier - Raising stage event CommandApprovedEvent{command=ScriptedStageCommand{storageId=3a29255d-60c0-4231-9757-36f0fdde1263, instanceId=1352819}}
2024-06-17 12:00:03,087 [Work-Tester-1] [DEBUG] c.r.a.event.BaseEventNotifier - No listeners registered for stage event CommandApprovedEvent{command=ScriptedStageCommand{storageId=3a29255d-60c0-4231-9757-36f0fdde1263, instanceId=1352819}}
2024-06-17 12:00:03,087 [migrate-worker-36] [DEBUG] c.r.c.slave.migration.worker.Worker - New job is received: ScriptedStageCommand{storageId=3a29255d-60c0-4231-9757-36f0fdde1263, instanceId=1352819}
2024-06-17 12:00:03,087 [migrate-worker-36] [DEBUG] c.r.c.s.m.w.e.WorkflowExecutor - Command is about to execute command=ScriptedStageCommand{storageId=3a29255d-60c0-4231-9757-36f0fdde1263, instanceId=1352819}
2024-06-17 12:00:03,087 [migrate-worker-36] [DEBUG] c.r.c.s.m.w.e.WorkflowExecutor - Raising BeforeStart event for command=ScriptedStageCommand{storageId=3a29255d-60c0-4231-9757-36f0fdde1263, instanceId=1352819}
2024-06-17 12:00:03,087 [migrate-worker-36] [DEBUG] c.r.a.event.BaseEventNotifier - Raising stage event BeforeStartEvent{command=ScriptedStageCommand{storageId=3a29255d-60c0-4231-9757-36f0fdde1263, instanceId=1352819}}
2024-06-17 00:00:00,000 [rabbit-listener-master-to-slave-1-1] [DEBUG] c.r.c.s.c.SlaveScheduleProviderImpl - Known limit 4 expired (only valid until 2024-06-17T12:00:00Z), now is: 2024-06-17T12:00:00.010718365Z
2024-06-17 00:00:00,000 [rabbit-listener-master-to-slave-1-1] [DEBUG] c.r.c.s.c.SlaveScheduleProviderImpl - Known limit 4 expired (only valid until 2024-06-17T12:00:00Z), now is: 2024-06-17T12:00:00.010718365Z
2024-06-17 00:00:00,000 [rabbit-listener-master-to-slave-1-1] [DEBUG] c.r.c.s.c.SlaveScheduleProviderImpl - Known limit 4 expired (only valid until 2024-06-17T12:00:00Z), now is: 2024-06-17T12:00:00.010718365Z
2024-06-17 12:01:03,087 [migrate-worker-36] [DEBUG] c.r.a.event.BaseEventNotifier - Raising stage event BeforeStartEvent{command=ScriptedStageCommand{storageId=3a29255d-60c0-4231-9757-36f0fdde1263, instanceId=1352819}}
2024-06-17 12:01:03,087 [migrate-worker-36] [DEBUG] c.r.a.event.BaseEventNotifier - Raising stage event BeforeStartEvent{command=ScriptedStageCommand{storageId=3a29255d-60c0-4231-9757-36f0fdde1263, instanceId=1352819}}
2024-06-17 12:00:00,149 [DivaRestoreRequestDispatcher-70] [INFO ] c.r.divabridge.impl.DivaTask - Going to sleep for 5000 ms
2024-06-17 12:00:00,149 [DivaRestoreRequestDispatcher-70] [INFO ] c.r.divabridge.impl.DivaTask - Going to sleep for 5000 ms
2024-06-17 12:00:00,149 [DivaRestoreRequestDispatcher-70] [DEBUG] c.r.divabridge.impl.DivaTask - Going to sleep for 5000 ms
2024-06-17 12:00:00,149 [DivaRestoreRequestDispatcher-70] [DEBUG] c.r.divabridge.impl.DivaTask - Going to sleep for 5000 ms
2024-06-17 12:00:00,149 [DivaRestoreRequestDispatcher-70] [DEBUG] c.r.divabridge.impl.DivaTask - Going to sleep for 5000 ms
2024-06-17 12:00:00,149 [DivaRestoreRequestDispatcher-60] [DEBUG] c.r.divabridge.impl.DivaTask - Going to sleep for 5000 ms
2024-06-17 12:00:00,149 [DivaRestoreRequestDispatcher-60] [DEBUG] c.r.divabridge.impl.DivaTask - Going to sleep for 5000 ms
2024-06-17 12:00:00,149 [DivaRestoreRequestDispatcher-60] [DEBUG] c.r.divabridge.impl.DivaTask - Going to sleep for 5000 ms
2024-06-17 12:00:00,149 [DivaRestoreRequestDispatcher-50] [DEBUG] c.r.divabridge.impl.DivaTask - Going to sleep for 5000 ms
